i:\c\project\project\x64\debug\vc143.pdb
i:\c\project\project\x64\debug\vc143.idb
i:\c\project\project\x64\debug\4.14 地址运算符.obj
i:\c\project\project\x64\debug\4.13 结构数组.obj
i:\c\project\project\x64\debug\4.12 结构的赋值.obj
i:\c\project\project\x64\debug\4.11 结构.obj
i:\c\project\project\x64\debug\4.10 string和c风格字符串的区别.obj
i:\c\project\project\x64\debug\4.1 数组.obj
i:\c\project\project\x64\debug\3.9 优缺点.obj
i:\c\project\project\x64\debug\3.8 浮点数的精度.obj
i:\c\project\project\x64\debug\3.7 转义字符.obj
i:\c\project\project\x64\debug\3.6 char与cin cout.obj
i:\c\project\project\x64\debug\3.5 char类型.obj
i:\c\project\project\x64\debug\3.3 3.4 进制互换.obj
i:\c\project\project\x64\debug\3.2 无符号类型.obj
i:\c\project\project\x64\debug\3.14 类型转换.obj
i:\c\project\project\x64\debug\3.13 setf.obj
i:\c\project\project\x64\debug\3.12 求模计算.obj
i:\c\project\project\x64\debug\3.11 除法分支.obj
i:\c\project\project\x64\debug\3.10 算数运算符.obj
i:\c\project\project\x64\debug\3.1 climits和sizeof.obj
i:\c\project\project\x64\debug\2.4 面积.obj
i:\c\project\project\x64\debug\5.10.obj
i:\c\project\project\x64\debug\5.1.obj
i:\c\project\project\x64\debug\4.9 其他操作.obj
i:\c\project\project\x64\debug\4.8 赋值拼接附加.obj
i:\c\project\project\x64\debug\4.7 string类.obj
i:\c\project\project\x64\debug\4.6 cin.obj
i:\c\project\project\x64\debug\4.5 cin.get.obj
i:\c\project\project\x64\debug\4.4 cin.getline.obj
i:\c\project\project\x64\debug\4.3 字符串的键入.obj
i:\c\project\project\x64\debug\4.24 array对象.obj
i:\c\project\project\x64\debug\4.23 类型组合.obj
i:\c\project\project\x64\debug\4.22 动态结构.obj
i:\c\project\project\x64\debug\4.21 指针和结构.obj
i:\c\project\project\x64\debug\4.20 指针和字符串.obj
i:\c\project\project\x64\debug\4.2 数组中的字符串.obj
i:\c\project\project\x64\debug\4.19 算术指针.obj
i:\c\project\project\x64\debug\4.18 数组和指针 .obj
i:\c\project\project\x64\debug\4.17 使用new来分配空间.obj
i:\c\project\project\x64\debug\4.16 指针初始化·.obj
i:\c\project\project\x64\debug\4.15 指针.obj
i:\c\project\project\x64\debug\6.10.obj
i:\c\project\project\x64\debug\6.1.obj
i:\c\project\project\x64\debug\5.9.obj
i:\c\project\project\x64\debug\5.8.obj
i:\c\project\project\x64\debug\5.7.obj
i:\c\project\project\x64\debug\5.6.obj
i:\c\project\project\x64\debug\5.5.obj
i:\c\project\project\x64\debug\5.4.obj
i:\c\project\project\x64\debug\5.3.obj
i:\c\project\project\x64\debug\5.20.obj
i:\c\project\project\x64\debug\5.2.obj
i:\c\project\project\x64\debug\5.19.obj
i:\c\project\project\x64\debug\5.18.obj
i:\c\project\project\x64\debug\5.17.obj
i:\c\project\project\x64\debug\5.16.obj
i:\c\project\project\x64\debug\5.15.obj
i:\c\project\project\x64\debug\5.14.obj
i:\c\project\project\x64\debug\5.13.obj
i:\c\project\project\x64\debug\5.12.obj
i:\c\project\project\x64\debug\5.11.obj
i:\c\project\project\x64\debug\7.13(同上).obj
i:\c\project\project\x64\debug\7.12函数与结构(极坐标转换).obj
i:\c\project\project\x64\debug\7.11函数与结构(计算小时分钟).obj
i:\c\project\project\x64\debug\7.10函数与数组(将字符重复).obj
i:\c\project\project\x64\debug\7.1格式.obj
i:\c\project\project\x64\debug\6.9.obj
i:\c\project\project\x64\debug\6.8.obj
i:\c\project\project\x64\debug\6.7.obj
i:\c\project\project\x64\debug\6.6.obj
i:\c\project\project\x64\debug\6.5.obj
i:\c\project\project\x64\debug\6.4.obj
i:\c\project\project\x64\debug\6.3.obj
i:\c\project\project\x64\debug\6.2.obj
i:\c\project\project\x64\debug\6.16.obj
i:\c\project\project\x64\debug\6.15.obj
i:\c\project\project\x64\debug\6.14.obj
i:\c\project\project\x64\debug\6.13.obj
i:\c\project\project\x64\debug\6.12.obj
i:\c\project\project\x64\debug\6.11.obj
i:\c\project\project\x64\debug\6.11.2.obj
i:\c\project\project\x64\debug\interest.obj
i:\c\project\project\x64\debug\distance2d.obj
i:\c\project\project\x64\debug\display the even number.obj
i:\c\project\project\x64\debug\converts an uppercase letter to lowercase.obj
i:\c\project\project\x64\debug\check whether divisible.obj
i:\c\project\project\x64\debug\7.9函数与数组(统计字符数).obj
i:\c\project\project\x64\debug\7.8函数与数组(在数组中取值).obj
i:\c\project\project\x64\debug\7.8.const解释.obj
i:\c\project\project\x64\debug\7.7函数与数组(房地产).obj
i:\c\project\project\x64\debug\7.6数组求和2.0.obj
i:\c\project\project\x64\debug\7.5数组求和.obj
i:\c\project\project\x64\debug\7.4计算中奖概率.obj
i:\c\project\project\x64\debug\7.3重复字符.obj
i:\c\project\project\x64\debug\7.2求体积.obj
i:\c\project\project\x64\debug\7.19.obj
i:\c\project\project\x64\debug\7.18函数与指针(计算工人的效率).obj
i:\c\project\project\x64\debug\7.17多递归.obj
i:\c\project\project\x64\debug\7.16单递归.obj
i:\c\project\project\x64\debug\7.15函数和array对象.obj
i:\c\project\project\x64\debug\7.14函数与字符串(指针显示).obj
i:\c\project\project\x64\debug\practice.obj
i:\c\project\project\x64\debug\template.obj
i:\c\project\project\x64\debug\sum the series.obj
i:\c\project\project\x64\debug\printascii.obj
i:\c\project\project\x64\debug\multiply two matrices .obj
i:\c\project\project\x64\debug\minimum number.obj
i:\c\project\project\x64\debug\judge two circles.obj
i:\c\project\project\x64\debug\debug2.obj
i:\c\project\project\x64\debug\debug.obj
i:\c\project\project\x64\debug\8.2 firstref.obj
i:\c\project\project\x64\debug\8.1 inline.obj
i:\c\project\project\x64\debug\8.3 sceref.obj
i:\c\project\project\x64\debug\8.4 swaps.obj
i:\c\project\x64\debug\learning.exe
i:\c\project\x64\debug\learning.pdb
i:\c\project\project\x64\debug\learning.ilk
i:\c\project\project\x64\debug\2.4.obj
i:\c\project\project\x64\debug\2.4面积.obj
i:\c\project\project\x64\debug\3.1.3.obj
i:\c\project\project\x64\debug\3.1.4.obj
i:\c\project\project\x64\debug\3.1.obj
i:\c\project\project\x64\debug\3.10.obj
i:\c\project\project\x64\debug\3.11.obj
i:\c\project\project\x64\debug\3.12.obj
i:\c\project\project\x64\debug\3.13.obj
i:\c\project\project\x64\debug\3.14.obj
i:\c\project\project\x64\debug\3.1climits和sizeof.obj
i:\c\project\project\x64\debug\3.2.obj
i:\c\project\project\x64\debug\3.2无符号类型.obj
i:\c\project\project\x64\debug\3.3 3.4.obj
i:\c\project\project\x64\debug\3.3 3.4进制互换.obj
i:\c\project\project\x64\debug\3.3.obj
i:\c\project\project\x64\debug\3.5.obj
i:\c\project\project\x64\debug\3.6.obj
i:\c\project\project\x64\debug\3.7.obj
i:\c\project\project\x64\debug\3.8 精度.obj
i:\c\project\project\x64\debug\3.8.obj
i:\c\project\project\x64\debug\3.9.obj
i:\c\project\project\x64\debug\4.1.obj
i:\c\project\project\x64\debug\4.10.obj
i:\c\project\project\x64\debug\4.11.obj
i:\c\project\project\x64\debug\4.12.obj
i:\c\project\project\x64\debug\4.13.obj
i:\c\project\project\x64\debug\4.14.obj
i:\c\project\project\x64\debug\4.15.obj
i:\c\project\project\x64\debug\4.16.obj
i:\c\project\project\x64\debug\4.17.obj
i:\c\project\project\x64\debug\4.18.obj
i:\c\project\project\x64\debug\4.19.obj
i:\c\project\project\x64\debug\4.2.obj
i:\c\project\project\x64\debug\4.20.obj
i:\c\project\project\x64\debug\4.21.obj
i:\c\project\project\x64\debug\4.22.obj
i:\c\project\project\x64\debug\4.23.obj
i:\c\project\project\x64\debug\4.24.obj
i:\c\project\project\x64\debug\4.3.obj
i:\c\project\project\x64\debug\4.4.obj
i:\c\project\project\x64\debug\4.5.obj
i:\c\project\project\x64\debug\4.6.obj
i:\c\project\project\x64\debug\4.7.obj
i:\c\project\project\x64\debug\4.8.obj
i:\c\project\project\x64\debug\4.9.obj
i:\c\project\project\x64\debug\7.1.obj
i:\c\project\project\x64\debug\7.10.obj
i:\c\project\project\x64\debug\7.10函数与数组(把将字符重复).obj
i:\c\project\project\x64\debug\7.11.obj
i:\c\project\project\x64\debug\7.11函数与结构计算小时分钟.obj
i:\c\project\project\x64\debug\7.12.obj
i:\c\project\project\x64\debug\7.13.obj
i:\c\project\project\x64\debug\7.14.obj
i:\c\project\project\x64\debug\7.15.obj
i:\c\project\project\x64\debug\7.16.obj
i:\c\project\project\x64\debug\7.17.obj
i:\c\project\project\x64\debug\7.18.obj
i:\c\project\project\x64\debug\7.1函数格式.obj
i:\c\project\project\x64\debug\7.2.obj
i:\c\project\project\x64\debug\7.2函数求体积.obj
i:\c\project\project\x64\debug\7.3.obj
i:\c\project\project\x64\debug\7.4.obj
i:\c\project\project\x64\debug\7.5.obj
i:\c\project\project\x64\debug\7.6.obj
i:\c\project\project\x64\debug\7.7.obj
i:\c\project\project\x64\debug\7.8.1.obj
i:\c\project\project\x64\debug\7.8.const.obj
i:\c\project\project\x64\debug\7.8.obj
i:\c\project\project\x64\debug\7.9.obj
i:\c\project\project\x64\debug\8.1.obj
i:\c\project\project\x64\debug\damn.obj
i:\c\project\project\x64\debug\distance.obj
i:\c\project\project\x64\debug\filename.obj
i:\c\project\project\x64\debug\lab1.obj
i:\c\project\project\x64\debug\q1 pro.obj
i:\c\project\project\x64\debug\q1.obj
i:\c\project\project\x64\debug\q2 pro.obj
i:\c\project\project\x64\debug\q2.obj
i:\c\project\project\x64\debug\question8.obj
i:\c\project\project\x64\debug\源.obj
i:\c\project\project\x64\debug\5.10.obj.enc
i:\c\project\project\x64\debug\7.3.obj.enc
i:\c\project\project\x64\debug\7.5.obj.enc
i:\c\project\project\x64\debug\learning.tlog\cl.command.1.tlog
i:\c\project\project\x64\debug\learning.tlog\cl.items.tlog
i:\c\project\project\x64\debug\learning.tlog\cl.read.1.tlog
i:\c\project\project\x64\debug\learning.tlog\cl.write.1.tlog
i:\c\project\project\x64\debug\learning.tlog\link.command.1.tlog
i:\c\project\project\x64\debug\learning.tlog\link.read.1.tlog
i:\c\project\project\x64\debug\learning.tlog\link.secondary.1.tlog
i:\c\project\project\x64\debug\learning.tlog\link.write.1.tlog
